


ARM Macro Assembler    Page 1 


    1 00000000                 AREA             lib, CODE, READWRITE
    2 00000000                 EXPORT           lab3
    3 00000000                 EXPORT           pin_connect_block_setup_for_uar
t0
    4 00000000         
    5 00000000 00000014 
                       U0LSR   EQU              0x14        ; UART0 Line Status
                                                             Register
    6 00000000         
    7 00000000         
    8 00000000         lab3
    9 00000000 E92D4000        STMFD            SP!,{lr}    ; Store register lr
                                                             on stack
   10 00000004 E59F2060        LDR              r2,=0xE000C000
   11 00000008 E59F3060        LDR              r3,=0xE000C014
   12 0000000C         
   13 0000000C E5930000 
                       Read    LDR              r0,[r3]
   14 00000010 E5D01000        LDRB             r1,[r0]
   15 00000014 E2011001        AND              r1,r1,#1
   16 00000018 EA000001        B                done
   17 0000001C E3510000        CMP              r1,#0
   18 00000020 0AFFFFF9        BEQ              Read
   19 00000024 E5D21000 
                       done    LDRB             r1,[r2]
   20 00000028         
   21 00000028 E5930000 
                       Write   LDR              r0,[r3]
   22 0000002C E7D01280        LDRB             r1,[r0,r0,LSL#5]
   23 00000030 E2011001        AND              r1,r1,#1
   24 00000034 EA000001        B                finish
   25 00000038 E3510000        CMP              r1,#0
   26 0000003C 0AFFFFF9        BEQ              Write
   27 00000040 E5C32000 
                       finish  STRB             r2,[r3]
   28 00000044         ; Your code is placed here
   29 00000044         
   30 00000044 E8BD4000        LDMFD            sp!, {lr}
   31 00000048 E12FFF1E        BX               lr
   32 0000004C         
   33 0000004C         
   34 0000004C         pin_connect_block_setup_for_uart0
   35 0000004C E92D4003        STMFD            sp!, {r0, r1, lr}
   36 00000050 E59F001C        LDR              r0, =0xE002C000 ; PINSEL0
   37 00000054 E5901000        LDR              r1, [r0]
   38 00000058 E3811005        ORR              r1, r1, #5
   39 0000005C E3C1100A        BIC              r1, r1, #0xA
   40 00000060 E5801000        STR              r1, [r0]
   41 00000064 E8BD4003        LDMFD            sp!, {r0, r1, lr}
   42 00000068 E12FFF1E        BX               lr
   43 0000006C         
   44 0000006C                 END
              E000C000 
              E000C014 
              E002C000 
Command Line: --debug --xref --diag_suppress=9931 --apcs=interwork --depend=.\o
bjects\lab3part1.d -o.\objects\lab3part1.o -IC:\Keil_v5\ARM\RV31\INC -IC:\Keil_
v5\ARM\CMSIS\Include -IC:\Keil_v5\ARM\INC\Philips --predefine="__EVAL SETA 1" -
-predefine="__UVISION_VERSION SETA 524" --list=.\listings\lab3part1.lst lab3par



ARM Macro Assembler    Page 2 


t1.s



ARM Macro Assembler    Page 1 Alphabetic symbol ordering
Relocatable symbols

Read 0000000C

Symbol: Read
   Definitions
      At line 13 in file lab3part1.s
   Uses
      At line 18 in file lab3part1.s
Comment: Read used once
Write 00000028

Symbol: Write
   Definitions
      At line 21 in file lab3part1.s
   Uses
      At line 26 in file lab3part1.s
Comment: Write used once
done 00000024

Symbol: done
   Definitions
      At line 19 in file lab3part1.s
   Uses
      At line 16 in file lab3part1.s
Comment: done used once
finish 00000040

Symbol: finish
   Definitions
      At line 27 in file lab3part1.s
   Uses
      At line 24 in file lab3part1.s
Comment: finish used once
lab3 00000000

Symbol: lab3
   Definitions
      At line 8 in file lab3part1.s
   Uses
      At line 2 in file lab3part1.s
Comment: lab3 used once
lib 00000000

Symbol: lib
   Definitions
      At line 1 in file lab3part1.s
   Uses
      None
Comment: lib unused
pin_connect_block_setup_for_uart0 0000004C

Symbol: pin_connect_block_setup_for_uart0
   Definitions
      At line 34 in file lab3part1.s
   Uses
      At line 3 in file lab3part1.s
Comment: pin_connect_block_setup_for_uart0 used once
7 symbols



ARM Macro Assembler    Page 1 Alphabetic symbol ordering
Absolute symbols

U0LSR 00000014

Symbol: U0LSR
   Definitions
      At line 5 in file lab3part1.s
   Uses
      None
Comment: U0LSR unused
1 symbol
342 symbols in table
